<?xml version="1.0" encoding="UTF-8"?>
<robot generator="Robot 7.2.2 (Python 3.11.5 on win32)" generated="2025-04-15T13:33:07.382337" rpa="false" schemaversion="5">
<suite id="s1" name="Crmtest" source="C:\Users\Revathy Rangaraju\PycharmProjects\ROBOT_POM\Tests\Crmtest.robot">
<test id="s1-t1" name="Should Be Able to Launch" line="9">
<kw name="Sign In" owner="Loginpage_obj">
<kw name="Open Login Page" owner="Loginpage_obj">
<kw name="Open Browser" owner="SeleniumLibrary">
<msg time="2025-04-15T13:33:07.613853" level="INFO">Opening browser 'Chrome' to base url 'https://automationplayground.com/crm/'.</msg>
<arg>${LOGIN_URL}</arg>
<arg>Chrome</arg>
<doc>Opens a new browser instance to the optional ``url``.</doc>
<status status="PASS" start="2025-04-15T13:33:07.613853" elapsed="3.413810"/>
</kw>
<kw name="Set Selenium Speed" owner="SeleniumLibrary">
<arg>0.8s</arg>
<doc>Sets the delay that is waited after each Selenium command.</doc>
<status status="PASS" start="2025-04-15T13:33:11.027663" elapsed="0.002023"/>
</kw>
<kw name="Click Link" owner="SeleniumLibrary">
<msg time="2025-04-15T13:33:11.029686" level="INFO">Clicking link 'Sign In'.</msg>
<arg>Sign In</arg>
<doc>Clicks a link identified by ``locator``.</doc>
<status status="PASS" start="2025-04-15T13:33:11.029686" elapsed="2.639694"/>
</kw>
<kw name="Maximize Browser Window" owner="SeleniumLibrary">
<doc>Maximizes current browser window.</doc>
<status status="PASS" start="2025-04-15T13:33:13.669380" elapsed="0.857775"/>
</kw>
<status status="PASS" start="2025-04-15T13:33:07.613853" elapsed="6.913302"/>
</kw>
<kw name="Input Userid and Password" owner="Loginpage_obj">
<kw name="Input Text" owner="SeleniumLibrary">
<msg time="2025-04-15T13:33:14.529177" level="INFO">Typing text 'admin@robotframeworktutorial.com' into text field 'id=email-id'.</msg>
<arg>id=email-id</arg>
<arg>${userid}</arg>
<doc>Types the given ``text`` into the text field identified by ``locator``.</doc>
<status status="PASS" start="2025-04-15T13:33:14.528178" elapsed="2.584311"/>
</kw>
<kw name="Input Text" owner="SeleniumLibrary">
<msg time="2025-04-15T13:33:17.112489" level="INFO">Typing text 'qwe' into text field 'id=password'.</msg>
<arg>id=password</arg>
<arg>${password}</arg>
<doc>Types the given ``text`` into the text field identified by ``locator``.</doc>
<status status="PASS" start="2025-04-15T13:33:17.112489" elapsed="2.558948"/>
</kw>
<kw name="Click Button" owner="SeleniumLibrary">
<msg time="2025-04-15T13:33:19.671437" level="INFO">Clicking button 'Submit'.</msg>
<arg>Submit</arg>
<doc>Clicks the button identified by ``locator``.</doc>
<status status="PASS" start="2025-04-15T13:33:19.671437" elapsed="3.418806"/>
</kw>
<kw name="Sleep" owner="BuiltIn">
<msg time="2025-04-15T13:33:28.090701" level="INFO">Slept 5 seconds.</msg>
<arg>5s</arg>
<doc>Pauses the test executed for the given time.</doc>
<status status="PASS" start="2025-04-15T13:33:23.090243" elapsed="5.000458"/>
</kw>
<arg>admin@robotframeworktutorial.com</arg>
<arg>qwe</arg>
<status status="PASS" start="2025-04-15T13:33:14.527155" elapsed="13.563546"/>
</kw>
<status status="PASS" start="2025-04-15T13:33:07.612745" elapsed="20.477956"/>
</kw>
<kw name="Open Customer Page" owner="Customerpage_obj">
<kw name="Set Selenium Speed" owner="SeleniumLibrary">
<arg>0.8s</arg>
<doc>Sets the delay that is waited after each Selenium command.</doc>
<status status="PASS" start="2025-04-15T13:33:28.090701" elapsed="0.000000"/>
</kw>
<status status="PASS" start="2025-04-15T13:33:28.090701" elapsed="0.000000"/>
</kw>
<kw name="Add New Customer" owner="Customerpage_obj">
<kw name="Set Selenium Speed" owner="SeleniumLibrary">
<arg>0.8s</arg>
<doc>Sets the delay that is waited after each Selenium command.</doc>
<status status="PASS" start="2025-04-15T13:33:28.090701" elapsed="0.000000"/>
</kw>
<kw name="Click Link" owner="SeleniumLibrary">
<msg time="2025-04-15T13:33:28.090701" level="INFO">Clicking link 'id=new-customer'.</msg>
<arg>id=new-customer</arg>
<doc>Clicks a link identified by ``locator``.</doc>
<status status="PASS" start="2025-04-15T13:33:28.090701" elapsed="2.755645"/>
</kw>
<kw name="Input Text" owner="SeleniumLibrary">
<msg time="2025-04-15T13:33:30.846346" level="INFO">Typing text 'janedoe@gmail.com' into text field 'id=EmailAddress'.</msg>
<arg>id=EmailAddress</arg>
<arg>${email}</arg>
<doc>Types the given ``text`` into the text field identified by ``locator``.</doc>
<status status="PASS" start="2025-04-15T13:33:30.846346" elapsed="2.554380"/>
</kw>
<kw name="Input Text" owner="SeleniumLibrary">
<msg time="2025-04-15T13:33:33.401573" level="INFO">Typing text 'Shri' into text field 'id=FirstName'.</msg>
<arg>id=FirstName</arg>
<arg>${firstname}</arg>
<doc>Types the given ``text`` into the text field identified by ``locator``.</doc>
<status status="PASS" start="2025-04-15T13:33:33.400726" elapsed="2.549947"/>
</kw>
<kw name="Input Text" owner="SeleniumLibrary">
<msg time="2025-04-15T13:33:35.951705" level="INFO">Typing text 'Raam' into text field 'id=LastName'.</msg>
<arg>id=LastName</arg>
<arg>${lastname}</arg>
<doc>Types the given ``text`` into the text field identified by ``locator``.</doc>
<status status="PASS" start="2025-04-15T13:33:35.950673" elapsed="2.616409"/>
</kw>
<kw name="Input Text" owner="SeleniumLibrary">
<msg time="2025-04-15T13:33:38.567082" level="INFO">Typing text 'Dallas' into text field 'id=City'.</msg>
<arg>id=City</arg>
<arg>${city}</arg>
<doc>Types the given ``text`` into the text field identified by ``locator``.</doc>
<status status="PASS" start="2025-04-15T13:33:38.567082" elapsed="2.558979"/>
</kw>
<kw name="Select From List By Value" owner="SeleniumLibrary">
<msg time="2025-04-15T13:33:41.127115" level="INFO">Selecting options from selection list 'id=StateOrRegion' by value TX.</msg>
<arg>id=StateOrRegion</arg>
<arg>${state}</arg>
<doc>Selects options from selection list ``locator`` by ``values``.</doc>
<status status="PASS" start="2025-04-15T13:33:41.127115" elapsed="6.557127"/>
</kw>
<kw name="Select Radio Button" owner="SeleniumLibrary">
<msg time="2025-04-15T13:33:47.684242" level="INFO">Selecting 'male' from radio button 'gender'.</msg>
<arg>gender</arg>
<arg>${gender}</arg>
<doc>Sets the radio button group ``group_name`` to ``value``.</doc>
<status status="PASS" start="2025-04-15T13:33:47.684242" elapsed="2.526329"/>
</kw>
<kw name="Click Button" owner="SeleniumLibrary">
<msg time="2025-04-15T13:33:50.210571" level="INFO">Clicking button 'Submit'.</msg>
<arg>Submit</arg>
<doc>Clicks the button identified by ``locator``.</doc>
<status status="PASS" start="2025-04-15T13:33:50.210571" elapsed="3.441441"/>
</kw>
<kw name="Sleep" owner="BuiltIn">
<msg time="2025-04-15T13:34:13.652871" level="INFO">Slept 20 seconds.</msg>
<arg>20s</arg>
<doc>Pauses the test executed for the given time.</doc>
<status status="PASS" start="2025-04-15T13:33:53.652012" elapsed="20.000859"/>
</kw>
<arg>janedoe@gmail.com</arg>
<arg>Shri</arg>
<arg>Raam</arg>
<arg>Dallas</arg>
<arg>TX</arg>
<arg>male</arg>
<status status="PASS" start="2025-04-15T13:33:28.090701" elapsed="45.562170"/>
</kw>
<tag>1006</tag>
<tag>Contacts</tag>
<tag>Smoke</tag>
<status status="PASS" start="2025-04-15T13:33:07.612745" elapsed="66.041258"/>
</test>
<status status="PASS" start="2025-04-15T13:33:07.382337" elapsed="66.273971"/>
</suite>
<statistics>
<total>
<stat pass="1" fail="0" skip="0">All Tests</stat>
</total>
<tag>
<stat pass="1" fail="0" skip="0">1006</stat>
<stat pass="1" fail="0" skip="0">Contacts</stat>
<stat pass="1" fail="0" skip="0">Smoke</stat>
</tag>
<suite>
<stat name="Crmtest" id="s1" pass="1" fail="0" skip="0">Crmtest</stat>
</suite>
</statistics>
<errors>
</errors>
</robot>
